<?xml version="1.0" encoding="UTF-8"?>
<!-- Generated by org.testng.reporters.JUnitReportReporter -->
<testsuite skipped="1" hostname="kavin123-HP-Pavilion-Laptop-14-ce2xxx" name="FirstProject.baseTest" tests="1" failures="0" timestamp="2020-03-03T13:50:42 IST" time="0.000" errors="0">
  <testcase name="TC01_Login" time="0.000" classname="FirstProject.baseTest">
    <skipped/>
  </testcase> <!-- TC01_Login -->
</testsuite> <!-- FirstProject.baseTest -->
